<?xml version="1.0" encoding="UTF-8"?>
<!-- Generated by org.testng.reporters.JUnitXMLReporter -->
<testsuite ignored="0" hostname="LAPTOP-1S9JIMTU" failures="0" tests="10" name="Surefire test" time="23.97" errors="0" timestamp="2023-05-12T11:08:20 IST">
  <testcase classname="api.test.DataDrivenTests" name="testPostuser" time="4.405"/>
  <testcase classname="api.test.DataDrivenTests" name="testPostuser" time="1.57"/>
  <testcase classname="api.test.DataDrivenTests" name="testPostuser" time="1.599"/>
  <testcase classname="api.test.DataDrivenTests" name="testDeleteUserByName" time="1.693"/>
  <testcase classname="api.test.DataDrivenTests" name="testDeleteUserByName" time="1.602"/>
  <testcase classname="api.test.DataDrivenTests" name="testDeleteUserByName" time="1.598"/>
  <testcase classname="api.test.UserTests" name="testPostUser" time="1.794"/>
  <testcase classname="api.test.UserTests" name="testGetUserByName" time="1.631"/>
  <testcase classname="api.test.UserTests" name="testUpdateUserByName" time="3.161"/>
  <testcase classname="api.test.UserTests" name="testDeleteUserByName" time="1.607"/>
</testsuite> <!-- Surefire test -->
