<?xml version="1.0" encoding="UTF-8"?>
<!-- Generated by org.testng.reporters.JUnitXMLReporter -->
<testsuite ignored="0" hostname="LAPTOP-1S9JIMTU" failures="0" tests="4" name="Default test" time="14.524" errors="0" timestamp="2023-05-11T14:49:45 IST">
  <testcase classname="api.test.UserTests2" name="testPostUser" time="5.001"/>
  <testcase classname="api.test.UserTests2" name="testGetUserByName" time="2.189"/>
  <testcase classname="api.test.UserTests2" name="testUpdateUserByName" time="4.397"/>
  <testcase classname="api.test.UserTests2" name="testDeleteUserByName" time="2.044"/>
</testsuite> <!-- Default test -->
