<?xml version="1.0" encoding="UTF-8"?>
<!-- Generated by org.testng.reporters.JUnitXMLReporter -->
<testsuite ignored="0" hostname="LAPTOP-1S9JIMTU" failures="0" tests="4" name="Tests" time="16.48" errors="0" timestamp="2023-05-12T10:06:01 IST">
  <testcase classname="api.test.UserTests2" name="testPostUser" time="5.499"/>
  <testcase classname="api.test.UserTests2" name="testGetUserByName" time="2.516"/>
  <testcase classname="api.test.UserTests2" name="testUpdateUserByName" time="4.29"/>
  <testcase classname="api.test.UserTests2" name="testDeleteUserByName" time="2.043"/>
</testsuite> <!-- Tests -->
