<?xml version="1.0" encoding="UTF-8"?>
<testng-results ignored="0" total="4" passed="4" failed="0" skipped="0">
  <reporter-output>
  </reporter-output>
  <suite started-at="2023-05-12T10:05:44 IST" name="Suite" finished-at="2023-05-12T10:06:01 IST" duration-ms="16480">
    <groups>
    </groups>
    <test started-at="2023-05-12T10:05:44 IST" name="Tests" finished-at="2023-05-12T10:06:01 IST" duration-ms="16480">
      <class name="api.test.UserTests2">
        <test-method is-config="true" signature="setupData()[pri:0, instance:api.test.UserTests2@7ef82753]" started-at="2023-05-12T10:05:45 IST" name="setupData" finished-at="2023-05-12T10:05:46 IST" duration-ms="1092" status="PASS">
          <reporter-output>
          </reporter-output>
        </test-method> <!-- setupData -->
        <test-method signature="testPostUser()[pri:1, instance:api.test.UserTests2@7ef82753]" started-at="2023-05-12T10:05:46 IST" name="testPostUser" finished-at="2023-05-12T10:05:52 IST" duration-ms="5499" status="PASS">
          <reporter-output>
          </reporter-output>
        </test-method> <!-- testPostUser -->
        <test-method signature="testGetUserByName()[pri:2, instance:api.test.UserTests2@7ef82753]" started-at="2023-05-12T10:05:52 IST" name="testGetUserByName" finished-at="2023-05-12T10:05:54 IST" duration-ms="2516" status="PASS">
          <reporter-output>
          </reporter-output>
        </test-method> <!-- testGetUserByName -->
        <test-method signature="testUpdateUserByName()[pri:3, instance:api.test.UserTests2@7ef82753]" started-at="2023-05-12T10:05:54 IST" name="testUpdateUserByName" finished-at="2023-05-12T10:05:59 IST" duration-ms="4290" status="PASS">
          <reporter-output>
          </reporter-output>
        </test-method> <!-- testUpdateUserByName -->
        <test-method signature="testDeleteUserByName()[pri:4, instance:api.test.UserTests2@7ef82753]" started-at="2023-05-12T10:05:59 IST" name="testDeleteUserByName" finished-at="2023-05-12T10:06:01 IST" duration-ms="2043" status="PASS">
          <reporter-output>
          </reporter-output>
        </test-method> <!-- testDeleteUserByName -->
      </class> <!-- api.test.UserTests2 -->
    </test> <!-- Tests -->
  </suite> <!-- Suite -->
</testng-results>
